{
  "RSpec": {
    "coverage": {
      "/Users/Hotblack/Ruby/Group_Projects/MakersBnB/MakersBnb/spec/features/User_feature_spec.rb": [
        1,
        1,
        1,
        null,
        1,
        1,
        1,
        1,
        null,
        null,
        1,
        1,
        1,
        null,
        null,
        1,
        1,
        1,
        1,
        null,
        null,
        null,
        1,
        1,
        1,
        1,
        1,
        1,
        null,
        null
      ],
      "/Users/Hotblack/Ruby/Group_Projects/MakersBnB/MakersBnb/spec/feature_helper.rb": [
        1,
        3,
        3,
        3,
        3,
        3,
        3,
        null,
        null,
        1,
        2,
        2,
        2,
        2,
        2,
        2,
        2,
        2,
        null
      ],
      "/Users/Hotblack/Ruby/Group_Projects/MakersBnB/MakersBnb/spec/features/listspace_spec.rb": [
        1,
        1,
        1,
        1,
        1,
        1,
        1,
        1,
        0,
        0,
        null,
        null,
        null,
        null
      ],
      "/Users/Hotblack/Ruby/Group_Projects/MakersBnB/MakersBnb/spec/features/signup_spec.rb": [
        1,
        1,
        1,
        null,
        1,
        1,
        null,
        null,
        null,
        null,
        null
      ],
      "/Users/Hotblack/Ruby/Group_Projects/MakersBnB/MakersBnb/spec/units/space_spec.rb": [
        1,
        null,
        1,
        2,
        null,
        1,
        1,
        1,
        null,
        null,
        null
      ],
      "/Users/Hotblack/Ruby/Group_Projects/MakersBnB/MakersBnb/spec/units/user_spec.rb": [
        null,
        1,
        null,
        null,
        1,
        null,
        4,
        null,
        1,
        1,
        1,
        null,
        null,
        1,
        1,
        null,
        null,
        1,
        1,
        null,
        null,
        null,
        1,
        null,
        3,
        null,
        1,
        1,
        null,
        null,
        1,
        1,
        null,
        null,
        1,
        1,
        null,
        null,
        1,
        1,
        null,
        1,
        1,
        null,
        null,
        null
      ]
    },
    "timestamp": 1547208031
  }
}
