{
  "RSpec": {
    "coverage": {
      "/Users/michaelnguyen/Makers/week_5/MakersBnB/MakersBnb/spec/features/User_feature_spec.rb": [
        1,
        1,
        1,
        null,
        1,
        1,
        1,
        1,
        null,
        null,
        1,
        1,
        1,
        null,
        null,
        1,
        1,
        1,
        1,
        null,
        null,
        null,
        1,
        1,
        1,
        1,
        1,
        1,
        null,
        null
      ],
      "/Users/michaelnguyen/Makers/week_5/MakersBnB/MakersBnb/spec/feature_helper.rb": [
        1,
        5,
        5,
        5,
        5,
        5,
        5,
        null,
        null,
        1,
        4,
        4,
        4,
        4,
        4,
        4,
        4,
        4,
        null,
        null,
        1,
        1,
        1,
        1,
        1,
        1,
        null
      ],
      "/Users/michaelnguyen/Makers/week_5/MakersBnB/MakersBnb/spec/features/bookings_spec.rb": [
        1,
        null,
        1,
        1,
        1,
        1,
        1,
        1,
        1,
        1,
        null,
        null
      ],
      "/Users/michaelnguyen/Makers/week_5/MakersBnB/MakersBnb/lib/booking.rb": [
        1,
        null,
        1,
        null,
        1,
        1,
        null,
        null
      ],
      "/Users/michaelnguyen/Makers/week_5/MakersBnB/MakersBnb/spec/features/listspace_spec.rb": [
        1,
        1,
        1,
        1,
        1,
        1,
        1,
        1,
        1,
        1,
        1,
        1,
        null,
        null,
        null,
        null
      ],
      "/Users/michaelnguyen/Makers/week_5/MakersBnB/MakersBnb/spec/features/signup_spec.rb": [
        1,
        1,
        1,
        null,
        1,
        1,
        null,
        null,
        null,
        null,
        null
      ],
      "/Users/michaelnguyen/Makers/week_5/MakersBnB/MakersBnb/spec/units/space_spec.rb": [
        1,
        null,
        1,
        2,
        null,
        1,
        1,
        1,
        null,
        null,
        null
      ],
      "/Users/michaelnguyen/Makers/week_5/MakersBnB/MakersBnb/spec/units/user_spec.rb": [
        null,
        1,
        null,
        null,
        1,
        null,
        4,
        null,
        1,
        1,
        1,
        null,
        null,
        1,
        1,
        null,
        null,
        1,
        1,
        null,
        null,
        null,
        1,
        null,
        3,
        null,
        1,
        1,
        null,
        null,
        1,
        1,
        null,
        null,
        1,
        1,
        null,
        null,
        1,
        1,
        null,
        1,
        1,
        null,
        null,
        null
      ]
    },
    "timestamp": 1547222692
  }
}
